<?xml version="1.0" encoding="UTF-8"?>
<testng-results skipped="0" failed="0" total="1" passed="1">
  <reporter-output>
  </reporter-output>
  <suite name="Default suite" duration-ms="32346" started-at="2017-09-11T15:22:44Z" finished-at="2017-09-11T15:23:17Z">
    <groups>
    </groups>
    <test name="Default test" duration-ms="32346" started-at="2017-09-11T15:22:44Z" finished-at="2017-09-11T15:23:17Z">
      <class name="com.abof.test.AbofTest">
        <test-method status="PASS" signature="beforeTest()[pri:0, instance:com.abof.test.AbofTest@6bdf28bb]" name="beforeTest" is-config="true" duration-ms="8797" started-at="2017-09-11T20:52:44Z" finished-at="2017-09-11T20:52:53Z">
          <reporter-output>
          </reporter-output>
        </test-method> <!-- beforeTest -->
        <test-method status="PASS" signature="main()[pri:0, instance:com.abof.test.AbofTest@6bdf28bb]" name="main" duration-ms="20034" started-at="2017-09-11T20:52:53Z" finished-at="2017-09-11T20:53:13Z">
          <reporter-output>
          </reporter-output>
        </test-method> <!-- main -->
        <test-method status="PASS" signature="tearDown()[pri:0, instance:com.abof.test.AbofTest@6bdf28bb]" name="tearDown" is-config="true" duration-ms="1202" started-at="2017-09-11T20:53:16Z" finished-at="2017-09-11T20:53:17Z">
          <reporter-output>
          </reporter-output>
        </test-method> <!-- tearDown -->
      </class> <!-- com.abof.test.AbofTest -->
    </test> <!-- Default test -->
  </suite> <!-- Default suite -->
</testng-results>
